<?xml version="1.0" encoding="UTF-8" ?>
<testsuite tests="21" failures="1" name="com.bah.vane.entities.BasicSubnetTest" time="0.263" errors="0" skipped="0">
  <properties>
[...]
</properties>
  <testcase classname="com.bah.vane.entities.BasicSubnetTest" name="testGetSubnets" time="0.067"/>
  <testcase classname="com.bah.vane.entities.BasicSubnetTest" name="testGetDirectDemands" time="0.016"/>
  <testcase classname="com.bah.vane.entities.BasicSubnetTest" name="testGetId" time="0.013"/>
  <testcase classname="com.bah.vane.entities.BasicSubnetTest" name="testGetAllLinks" time="0.012"/>
  <testcase classname="com.bah.vane.entities.BasicSubnetTest" name="testGetAllNodes" time="0.01"/>
  <testcase classname="com.bah.vane.entities.BasicSubnetTest" name="testSetDescription" time="0.01"/>
  <testcase classname="com.bah.vane.entities.BasicSubnetTest" name="testSetDemands" time="0.016"/>
  <testcase classname="com.bah.vane.entities.BasicSubnetTest" name="testGetName" time="0.011"/>
  <testcase classname="com.bah.vane.entities.BasicSubnetTest" name="testHasLocation" time="0.005"/>
  <testcase classname="com.bah.vane.entities.BasicSubnetTest" name="testGetAllDemands" time="0.009"/>
  <testcase classname="com.bah.vane.entities.BasicSubnetTest" name="testSetSubnets" time="0.007"/>
  <testcase classname="com.bah.vane.entities.BasicSubnetTest" name="testGetDescription" time="0.005"/>
  <testcase classname="com.bah.vane.entities.BasicSubnetTest" name="testGetDirectLinks" time="0.006"/>
  <testcase classname="com.bah.vane.entities.BasicSubnetTest" name="testGetDirectNodes" time="0.006"/>
  <testcase classname="com.bah.vane.entities.BasicSubnetTest" name="testGetParent" time="0.005"/>
  <testcase classname="com.bah.vane.entities.BasicSubnetTest" name="testGetLat" time="0.009"/>
  <testcase classname="com.bah.vane.entities.BasicSubnetTest" name="testGetLng" time="0.006"/>
  <testcase classname="com.bah.vane.entities.BasicSubnetTest" name="testInDegrees" time="0.023"/>
  <testcase classname="com.bah.vane.entities.BasicSubnetTest" name="testToJson" time="0.019">
    <failure message="
  Unexpected method call BasicSubnet.getId():" type="java.lang.AssertionError">java.lang.AssertionError: 
  Unexpected method call BasicSubnet.getId():
	at org.easymock.internal.MockInvocationHandler.invoke(MockInvocationHandler.java:44)
	at org.easymock.internal.ObjectMethodsFilter.invoke(ObjectMethodsFilter.java:94)
	at org.easymock.internal.ClassProxyFactory$MockMethodInterceptor.intercept(ClassProxyFactory.java:97)
	at com.bah.vane.entities.BasicSubnet$$EnhancerByCGLIB$$6dd81e92.getId(&lt;generated&gt;)
	at com.bah.vane.entities.BasicSubnet.toJson(BasicSubnet.java:434)
	at com.bah.vane.entities.BasicSubnetTest.testToJson(BasicSubnetTest.java:521)
	at sun.reflect.NativeMethodAccessorImpl.invoke0(Native Method)
	at sun.reflect.NativeMethodAccessorImpl.invoke(NativeMethodAccessorImpl.java:62)
	at sun.reflect.DelegatingMethodAccessorImpl.invoke(DelegatingMethodAccessorImpl.java:43)
	at java.lang.reflect.Method.invoke(Method.java:498)
	at org.junit.runners.model.FrameworkMethod$1.runReflectiveCall(FrameworkMethod.java:50)
	at org.junit.internal.runners.model.ReflectiveCallable.run(ReflectiveCallable.java:12)
	at org.junit.runners.model.FrameworkMethod.invokeExplosively(FrameworkMethod.java:47)
	at org.junit.internal.runners.statements.InvokeMethod.evaluate(InvokeMethod.java:17)
	at org.junit.internal.runners.statements.RunBefores.evaluate(RunBefores.java:26)
	at org.junit.runners.ParentRunner.runLeaf(ParentRunner.java:325)
	at org.junit.runners.BlockJUnit4ClassRunner.runChild(BlockJUnit4ClassRunner.java:78)
	at org.junit.runners.BlockJUnit4ClassRunner.runChild(BlockJUnit4ClassRunner.java:57)
	at org.junit.runners.ParentRunner$3.run(ParentRunner.java:290)
	at org.junit.runners.ParentRunner$1.schedule(ParentRunner.java:71)
	at org.junit.runners.ParentRunner.runChildren(ParentRunner.java:288)
	at org.junit.runners.ParentRunner.access$000(ParentRunner.java:58)
	at org.junit.runners.ParentRunner$2.evaluate(ParentRunner.java:268)
	at org.junit.runners.ParentRunner.run(ParentRunner.java:363)
	at org.apache.maven.surefire.junit4.JUnit4Provider.execute(JUnit4Provider.java:252)
	at org.apache.maven.surefire.junit4.JUnit4Provider.executeTestSet(JUnit4Provider.java:141)
	at org.apache.maven.surefire.junit4.JUnit4Provider.invoke(JUnit4Provider.java:112)
	at sun.reflect.NativeMethodAccessorImpl.invoke0(Native Method)
	at sun.reflect.NativeMethodAccessorImpl.invoke(NativeMethodAccessorImpl.java:62)
	at sun.reflect.DelegatingMethodAccessorImpl.invoke(DelegatingMethodAccessorImpl.java:43)
	at java.lang.reflect.Method.invoke(Method.java:498)
	at org.apache.maven.surefire.util.ReflectionUtils.invokeMethodWithArray(ReflectionUtils.java:189)
	at org.apache.maven.surefire.booter.ProviderFactory$ProviderProxy.invoke(ProviderFactory.java:165)
	at org.apache.maven.surefire.booter.ProviderFactory.invokeProvider(ProviderFactory.java:85)
	at org.apache.maven.surefire.booter.ForkedBooter.runSuitesInProcess(ForkedBooter.java:115)
	at org.apache.maven.surefire.booter.ForkedBooter.main(ForkedBooter.java:75)
</failure>
  </testcase>
  <testcase classname="com.bah.vane.entities.BasicSubnetTest" name="testSetLinks" time="0.004"/>
  <testcase classname="com.bah.vane.entities.BasicSubnetTest" name="testSetNodes" time="0.004"/>
</testsuite>